0 info it worked if it ends with ok
1 verbose cli [ '/usr/local/bin/node', '/usr/local/bin/npm', 'install' ]
2 info using npm@3.10.8
3 info using node@v6.9.1
4 silly loadCurrentTree Starting
5 silly install loadCurrentTree
6 silly install readLocalPackageData
7 silly install normalizeTree
8 silly loadCurrentTree Finishing
9 silly loadIdealTree Starting
10 silly install loadIdealTree
11 silly cloneCurrentTree Starting
12 silly install cloneCurrentTreeToIdealTree
13 silly cloneCurrentTree Finishing
14 silly loadShrinkwrap Starting
15 silly install loadShrinkwrap
16 silly loadShrinkwrap Finishing
17 silly loadAllDepsIntoIdealTree Starting
18 silly install loadAllDepsIntoIdealTree
19 silly loadAllDepsIntoIdealTree Finishing
20 silly loadIdealTree Finishing
21 silly currentTree line-bot@1.0.0
21 silly currentTree ├── abbrev@1.0.9
21 silly currentTree ├── accepts@1.3.3
21 silly currentTree ├── align-text@0.1.4
21 silly currentTree ├── amdefine@1.0.1
21 silly currentTree ├── ansi-regex@2.0.0
21 silly currentTree ├── ansi-styles@2.2.1
21 silly currentTree ├── anymatch@1.3.0
21 silly currentTree ├── argparse@1.0.9
21 silly currentTree ├── arr-diff@2.0.0
21 silly currentTree ├── arr-flatten@1.0.1
21 silly currentTree ├── array-flatten@1.1.1
21 silly currentTree ├── array-unique@0.2.1
21 silly currentTree ├── arrify@1.0.1
21 silly currentTree ├── asn1@0.2.3
21 silly currentTree ├── assert-plus@0.2.0
21 silly currentTree ├── async-each@1.0.1
21 silly currentTree ├── async@1.5.2
21 silly currentTree ├── asynckit@0.4.0
21 silly currentTree ├── aws-sign2@0.6.0
21 silly currentTree ├── aws4@1.5.0
21 silly currentTree ├── babel-cli@6.18.0
21 silly currentTree ├── babel-code-frame@6.20.0
21 silly currentTree ├── babel-core@6.21.0
21 silly currentTree ├── babel-generator@6.21.0
21 silly currentTree ├── babel-helper-bindify-decorators@6.18.0
21 silly currentTree ├── babel-helper-builder-binary-assignment-operator-visitor@6.18.0
21 silly currentTree ├── babel-helper-call-delegate@6.18.0
21 silly currentTree ├── babel-helper-define-map@6.18.0
21 silly currentTree ├── babel-helper-explode-assignable-expression@6.18.0
21 silly currentTree ├── babel-helper-explode-class@6.18.0
21 silly currentTree ├── babel-helper-function-name@6.18.0
21 silly currentTree ├── babel-helper-get-function-arity@6.18.0
21 silly currentTree ├── babel-helper-hoist-variables@6.18.0
21 silly currentTree ├── babel-helper-optimise-call-expression@6.18.0
21 silly currentTree ├── babel-helper-regex@6.18.0
21 silly currentTree ├── babel-helper-remap-async-to-generator@6.20.3
21 silly currentTree ├── babel-helper-replace-supers@6.18.0
21 silly currentTree ├── babel-helpers@6.16.0
21 silly currentTree ├─┬ babel-istanbul@0.6.1
21 silly currentTree │ ├── source-map@0.4.4
21 silly currentTree │ └── supports-color@3.1.2
21 silly currentTree ├── babel-messages@6.8.0
21 silly currentTree ├── babel-plugin-check-es2015-constants@6.8.0
21 silly currentTree ├── babel-plugin-syntax-async-functions@6.13.0
21 silly currentTree ├── babel-plugin-syntax-async-generators@6.13.0
21 silly currentTree ├── babel-plugin-syntax-class-constructor-call@6.18.0
21 silly currentTree ├── babel-plugin-syntax-class-properties@6.13.0
21 silly currentTree ├── babel-plugin-syntax-decorators@6.13.0
21 silly currentTree ├── babel-plugin-syntax-do-expressions@6.13.0
21 silly currentTree ├── babel-plugin-syntax-dynamic-import@6.18.0
21 silly currentTree ├── babel-plugin-syntax-exponentiation-operator@6.13.0
21 silly currentTree ├── babel-plugin-syntax-export-extensions@6.13.0
21 silly currentTree ├── babel-plugin-syntax-function-bind@6.13.0
21 silly currentTree ├── babel-plugin-syntax-object-rest-spread@6.13.0
21 silly currentTree ├── babel-plugin-syntax-trailing-function-commas@6.20.0
21 silly currentTree ├── babel-plugin-transform-async-generator-functions@6.17.0
21 silly currentTree ├── babel-plugin-transform-async-to-generator@6.16.0
21 silly currentTree ├── babel-plugin-transform-class-constructor-call@6.18.0
21 silly currentTree ├── babel-plugin-transform-class-properties@6.19.0
21 silly currentTree ├── babel-plugin-transform-decorators@6.13.0
21 silly currentTree ├── babel-plugin-transform-do-expressions@6.8.0
21 silly currentTree ├── babel-plugin-transform-es2015-arrow-functions@6.8.0
21 silly currentTree ├── babel-plugin-transform-es2015-block-scoped-functions@6.8.0
21 silly currentTree ├── babel-plugin-transform-es2015-block-scoping@6.21.0
21 silly currentTree ├── babel-plugin-transform-es2015-classes@6.18.0
21 silly currentTree ├── babel-plugin-transform-es2015-computed-properties@6.8.0
21 silly currentTree ├── babel-plugin-transform-es2015-destructuring@6.19.0
21 silly currentTree ├── babel-plugin-transform-es2015-duplicate-keys@6.8.0
21 silly currentTree ├── babel-plugin-transform-es2015-for-of@6.18.0
21 silly currentTree ├── babel-plugin-transform-es2015-function-name@6.9.0
21 silly currentTree ├── babel-plugin-transform-es2015-literals@6.8.0
21 silly currentTree ├── babel-plugin-transform-es2015-modules-amd@6.18.0
21 silly currentTree ├── babel-plugin-transform-es2015-modules-commonjs@6.18.0
21 silly currentTree ├── babel-plugin-transform-es2015-modules-systemjs@6.19.0
21 silly currentTree ├── babel-plugin-transform-es2015-modules-umd@6.18.0
21 silly currentTree ├── babel-plugin-transform-es2015-object-super@6.8.0
21 silly currentTree ├── babel-plugin-transform-es2015-parameters@6.21.0
21 silly currentTree ├── babel-plugin-transform-es2015-shorthand-properties@6.18.0
21 silly currentTree ├── babel-plugin-transform-es2015-spread@6.8.0
21 silly currentTree ├── babel-plugin-transform-es2015-sticky-regex@6.8.0
21 silly currentTree ├── babel-plugin-transform-es2015-template-literals@6.8.0
21 silly currentTree ├── babel-plugin-transform-es2015-typeof-symbol@6.18.0
21 silly currentTree ├── babel-plugin-transform-es2015-unicode-regex@6.11.0
21 silly currentTree ├── babel-plugin-transform-exponentiation-operator@6.8.0
21 silly currentTree ├── babel-plugin-transform-export-extensions@6.8.0
21 silly currentTree ├── babel-plugin-transform-function-bind@6.8.0
21 silly currentTree ├── babel-plugin-transform-object-rest-spread@6.20.2
21 silly currentTree ├── babel-plugin-transform-regenerator@6.21.0
21 silly currentTree ├── babel-plugin-transform-strict-mode@6.18.0
21 silly currentTree ├── babel-polyfill@6.20.0
21 silly currentTree ├── babel-preset-es2015@6.18.0
21 silly currentTree ├── babel-preset-stage-0@6.16.0
21 silly currentTree ├── babel-preset-stage-1@6.16.0
21 silly currentTree ├── babel-preset-stage-2@6.18.0
21 silly currentTree ├── babel-preset-stage-3@6.17.0
21 silly currentTree ├── babel-register@6.18.0
21 silly currentTree ├── babel-runtime@6.20.0
21 silly currentTree ├── babel-template@6.16.0
21 silly currentTree ├── babel-traverse@6.21.0
21 silly currentTree ├── babel-types@6.21.0
21 silly currentTree ├── babylon@6.14.1
21 silly currentTree ├── balanced-match@0.4.2
21 silly currentTree ├── bcrypt-pbkdf@1.0.0
21 silly currentTree ├── binary-extensions@1.8.0
21 silly currentTree ├── body-parser@1.15.2
21 silly currentTree ├── boom@2.10.1
21 silly currentTree ├── brace-expansion@1.1.6
21 silly currentTree ├── braces@1.8.5
21 silly currentTree ├── buffer-shims@1.0.0
21 silly currentTree ├── bytes@2.4.0
21 silly currentTree ├── camelcase@1.2.1
21 silly currentTree ├── caseless@0.11.0
21 silly currentTree ├── center-align@0.1.3
21 silly currentTree ├── chalk@1.1.3
21 silly currentTree ├── chokidar@1.6.1
21 silly currentTree ├─┬ cliui@2.1.0
21 silly currentTree │ └── wordwrap@0.0.2
21 silly currentTree ├── combined-stream@1.0.5
21 silly currentTree ├── commander@2.9.0
21 silly currentTree ├── concat-map@0.0.1
21 silly currentTree ├─┬ configstore@1.4.0
21 silly currentTree │ └── uuid@2.0.3
21 silly currentTree ├── content-disposition@0.5.1
21 silly currentTree ├── content-type@1.0.2
21 silly currentTree ├── convert-source-map@1.3.0
21 silly currentTree ├── cookie-signature@1.0.6
21 silly currentTree ├── cookie@0.3.1
21 silly currentTree ├── core-js@2.4.1
21 silly currentTree ├── core-util-is@1.0.2
21 silly currentTree ├── cryptiles@2.0.5
21 silly currentTree ├─┬ dashdash@1.14.1
21 silly currentTree │ └── assert-plus@1.0.0
21 silly currentTree ├── debug@2.2.0
21 silly currentTree ├── decamelize@1.2.0
21 silly currentTree ├── deep-extend@0.4.1
21 silly currentTree ├── deep-is@0.1.3
21 silly currentTree ├── delayed-stream@1.0.0
21 silly currentTree ├── depd@1.1.0
21 silly currentTree ├── destroy@1.0.4
21 silly currentTree ├── detect-indent@4.0.0
21 silly currentTree ├── duplexer@0.1.1
21 silly currentTree ├── duplexify@3.5.0
21 silly currentTree ├── ecc-jsbn@0.1.1
21 silly currentTree ├── ee-first@1.1.1
21 silly currentTree ├── encodeurl@1.0.1
21 silly currentTree ├─┬ end-of-stream@1.0.0
21 silly currentTree │ └── once@1.3.3
21 silly currentTree ├── es6-promise@3.3.1
21 silly currentTree ├── escape-html@1.0.3
21 silly currentTree ├── escape-string-regexp@1.0.5
21 silly currentTree ├─┬ escodegen@1.7.1
21 silly currentTree │ ├── esprima@1.2.5
21 silly currentTree │ └── source-map@0.2.0
21 silly currentTree ├── esprima@2.5.0
21 silly currentTree ├── estraverse@1.9.3
21 silly currentTree ├── esutils@2.0.2
21 silly currentTree ├── etag@1.7.0
21 silly currentTree ├── event-stream@3.3.4
21 silly currentTree ├── expand-brackets@0.1.5
21 silly currentTree ├── expand-range@1.8.2
21 silly currentTree ├── express@4.14.0
21 silly currentTree ├── extend@3.0.0
21 silly currentTree ├── extglob@0.3.2
21 silly currentTree ├── extsprintf@1.0.2
21 silly currentTree ├── fast-levenshtein@1.0.7
21 silly currentTree ├── filename-regex@2.0.0
21 silly currentTree ├─┬ fileset@0.2.1
21 silly currentTree │ └── minimatch@2.0.10
21 silly currentTree ├── fill-range@2.2.3
21 silly currentTree ├── finalhandler@0.5.0
21 silly currentTree ├── for-in@0.1.6
21 silly currentTree ├── for-own@0.1.4
21 silly currentTree ├── forever-agent@0.6.1
21 silly currentTree ├── form-data@2.1.2
21 silly currentTree ├── forwarded@0.1.0
21 silly currentTree ├── fresh@0.3.0
21 silly currentTree ├── from@0.1.3
21 silly currentTree ├── fs-readdir-recursive@1.0.0
21 silly currentTree ├─┬ fsevents@1.0.15
21 silly currentTree │ ├── abbrev@1.0.9
21 silly currentTree │ ├── ansi-regex@2.0.0
21 silly currentTree │ ├── ansi-styles@2.2.1
21 silly currentTree │ ├── aproba@1.0.4
21 silly currentTree │ ├── are-we-there-yet@1.1.2
21 silly currentTree │ ├── asn1@0.2.3
21 silly currentTree │ ├── assert-plus@0.2.0
21 silly currentTree │ ├── async@1.5.2
21 silly currentTree │ ├── aws-sign2@0.6.0
21 silly currentTree │ ├── aws4@1.4.1
21 silly currentTree │ ├── balanced-match@0.4.2
21 silly currentTree │ ├─┬ bl@1.1.2
21 silly currentTree │ │ └── readable-stream@2.0.6
21 silly currentTree │ ├── block-stream@0.0.9
21 silly currentTree │ ├── boom@2.10.1
21 silly currentTree │ ├── brace-expansion@1.1.5
21 silly currentTree │ ├── buffer-shims@1.0.0
21 silly currentTree │ ├── caseless@0.11.0
21 silly currentTree │ ├── chalk@1.1.3
21 silly currentTree │ ├── code-point-at@1.0.0
21 silly currentTree │ ├── combined-stream@1.0.5
21 silly currentTree │ ├── commander@2.9.0
21 silly currentTree │ ├── concat-map@0.0.1
21 silly currentTree │ ├── console-control-strings@1.1.0
21 silly currentTree │ ├── core-util-is@1.0.2
21 silly currentTree │ ├── cryptiles@2.0.5
21 silly currentTree │ ├─┬ dashdash@1.14.0
21 silly currentTree │ │ └── assert-plus@1.0.0
21 silly currentTree │ ├── debug@2.2.0
21 silly currentTree │ ├── deep-extend@0.4.1
21 silly currentTree │ ├── delayed-stream@1.0.0
21 silly currentTree │ ├── delegates@1.0.0
21 silly currentTree │ ├── ecc-jsbn@0.1.1
21 silly currentTree │ ├── escape-string-regexp@1.0.5
21 silly currentTree │ ├── extend@3.0.0
21 silly currentTree │ ├── extsprintf@1.0.2
21 silly currentTree │ ├── forever-agent@0.6.1
21 silly currentTree │ ├── form-data@1.0.0-rc4
21 silly currentTree │ ├── fs.realpath@1.0.0
21 silly currentTree │ ├── fstream-ignore@1.0.5
21 silly currentTree │ ├── fstream@1.0.10
21 silly currentTree │ ├── gauge@2.6.0
21 silly currentTree │ ├── generate-function@2.0.0
21 silly currentTree │ ├── generate-object-property@1.2.0
21 silly currentTree │ ├─┬ getpass@0.1.6
21 silly currentTree │ │ └── assert-plus@1.0.0
21 silly currentTree │ ├── glob@7.0.5
21 silly currentTree │ ├── graceful-fs@4.1.4
21 silly currentTree │ ├── graceful-readlink@1.0.1
21 silly currentTree │ ├── har-validator@2.0.6
21 silly currentTree │ ├── has-ansi@2.0.0
21 silly currentTree │ ├── has-color@0.1.7
21 silly currentTree │ ├── has-unicode@2.0.1
21 silly currentTree │ ├── hawk@3.1.3
21 silly currentTree │ ├── hoek@2.16.3
21 silly currentTree │ ├── http-signature@1.1.1
21 silly currentTree │ ├── inflight@1.0.5
21 silly currentTree │ ├── inherits@2.0.1
21 silly currentTree │ ├── ini@1.3.4
21 silly currentTree │ ├── is-fullwidth-code-point@1.0.0
21 silly currentTree │ ├── is-my-json-valid@2.13.1
21 silly currentTree │ ├── is-property@1.0.2
21 silly currentTree │ ├── is-typedarray@1.0.0
21 silly currentTree │ ├── isarray@1.0.0
21 silly currentTree │ ├── isstream@0.1.2
21 silly currentTree │ ├── jodid25519@1.0.2
21 silly currentTree │ ├── jsbn@0.1.0
21 silly currentTree │ ├── json-schema@0.2.2
21 silly currentTree │ ├── json-stringify-safe@5.0.1
21 silly currentTree │ ├── jsonpointer@2.0.0
21 silly currentTree │ ├── jsprim@1.3.0
21 silly currentTree │ ├── mime-db@1.23.0
21 silly currentTree │ ├── mime-types@2.1.11
21 silly currentTree │ ├── minimatch@3.0.2
21 silly currentTree │ ├── minimist@0.0.8
21 silly currentTree │ ├── mkdirp@0.5.1
21 silly currentTree │ ├── ms@0.7.1
21 silly currentTree │ ├── node-pre-gyp@0.6.29
21 silly currentTree │ ├── node-uuid@1.4.7
21 silly currentTree │ ├── nopt@3.0.6
21 silly currentTree │ ├── npmlog@3.1.2
21 silly currentTree │ ├── number-is-nan@1.0.0
21 silly currentTree │ ├── oauth-sign@0.8.2
21 silly currentTree │ ├── object-assign@4.1.0
21 silly currentTree │ ├── once@1.3.3
21 silly currentTree │ ├── path-is-absolute@1.0.0
21 silly currentTree │ ├── pinkie-promise@2.0.1
21 silly currentTree │ ├── pinkie@2.0.4
21 silly currentTree │ ├── process-nextick-args@1.0.7
21 silly currentTree │ ├── qs@6.2.0
21 silly currentTree │ ├─┬ rc@1.1.6
21 silly currentTree │ │ └── minimist@1.2.0
21 silly currentTree │ ├── readable-stream@2.1.4
21 silly currentTree │ ├── request@2.73.0
21 silly currentTree │ ├── rimraf@2.5.3
21 silly currentTree │ ├── semver@5.2.0
21 silly currentTree │ ├── set-blocking@2.0.0
21 silly currentTree │ ├── signal-exit@3.0.0
21 silly currentTree │ ├── sntp@1.0.9
21 silly currentTree │ ├─┬ sshpk@1.8.3
21 silly currentTree │ │ └── assert-plus@1.0.0
21 silly currentTree │ ├── string_decoder@0.10.31
21 silly currentTree │ ├── string-width@1.0.1
21 silly currentTree │ ├── stringstream@0.0.5
21 silly currentTree │ ├── strip-ansi@3.0.1
21 silly currentTree │ ├── strip-json-comments@1.0.4
21 silly currentTree │ ├── supports-color@2.0.0
21 silly currentTree │ ├── tar-pack@3.1.4
21 silly currentTree │ ├── tar@2.2.1
21 silly currentTree │ ├── tough-cookie@2.2.2
21 silly currentTree │ ├── tunnel-agent@0.4.3
21 silly currentTree │ ├── tweetnacl@0.13.3
21 silly currentTree │ ├── uid-number@0.0.6
21 silly currentTree │ ├── util-deprecate@1.0.2
21 silly currentTree │ ├── verror@1.3.6
21 silly currentTree │ ├── wide-align@1.1.0
21 silly currentTree │ ├── wrappy@1.0.2
21 silly currentTree │ └── xtend@4.0.1
21 silly currentTree ├── gaze@0.5.2
21 silly currentTree ├── generate-function@2.0.0
21 silly currentTree ├── generate-object-property@1.2.0
21 silly currentTree ├─┬ getpass@0.1.6
21 silly currentTree │ └── assert-plus@1.0.0
21 silly currentTree ├── glob-base@0.3.0
21 silly currentTree ├── glob-parent@2.0.0
21 silly currentTree ├── glob@5.0.15
21 silly currentTree ├── globals@9.14.0
21 silly currentTree ├─┬ globule@0.1.0
21 silly currentTree │ ├── glob@3.1.21
21 silly currentTree │ ├── graceful-fs@1.2.3
21 silly currentTree │ ├── inherits@1.0.2
21 silly currentTree │ ├── lodash@1.0.2
21 silly currentTree │ └── minimatch@0.2.14
21 silly currentTree ├─┬ got@3.3.1
21 silly currentTree │ └── object-assign@3.0.0
21 silly currentTree ├── graceful-fs@4.1.11
21 silly currentTree ├── graceful-readlink@1.0.1
21 silly currentTree ├─┬ handlebars@4.0.6
21 silly currentTree │ └── source-map@0.4.4
21 silly currentTree ├── har-validator@2.0.6
21 silly currentTree ├── has-ansi@2.0.0
21 silly currentTree ├── has-flag@1.0.0
21 silly currentTree ├── hawk@3.1.3
21 silly currentTree ├── hoek@2.16.3
21 silly currentTree ├── home-or-tmp@2.0.0
21 silly currentTree ├── http-errors@1.5.1
21 silly currentTree ├── http-signature@1.1.1
21 silly currentTree ├── iconv-lite@0.4.13
21 silly currentTree ├── ignore-by-default@1.0.1
21 silly currentTree ├── imurmurhash@0.1.4
21 silly currentTree ├── infinity-agent@2.0.3
21 silly currentTree ├── inflight@1.0.6
21 silly currentTree ├── inherits@2.0.3
21 silly currentTree ├── ini@1.3.4
21 silly currentTree ├── invariant@2.2.2
21 silly currentTree ├── ipaddr.js@1.1.1
21 silly currentTree ├── is-binary-path@1.0.1
21 silly currentTree ├── is-buffer@1.1.4
21 silly currentTree ├── is-dotfile@1.0.2
21 silly currentTree ├── is-equal-shallow@0.1.3
21 silly currentTree ├── is-extendable@0.1.1
21 silly currentTree ├── is-extglob@1.0.0
21 silly currentTree ├── is-finite@1.0.2
21 silly currentTree ├── is-glob@2.0.1
21 silly currentTree ├── is-my-json-valid@2.15.0
21 silly currentTree ├── is-npm@1.0.0
21 silly currentTree ├── is-number@2.1.0
21 silly currentTree ├── is-posix-bracket@0.1.1
21 silly currentTree ├── is-primitive@2.0.0
21 silly currentTree ├── is-property@1.0.2
21 silly currentTree ├── is-redirect@1.0.0
21 silly currentTree ├── is-stream@1.1.0
21 silly currentTree ├── is-typedarray@1.0.0
21 silly currentTree ├── isarray@1.0.0
21 silly currentTree ├── isexe@1.1.2
21 silly currentTree ├── isobject@2.1.0
21 silly currentTree ├── isstream@0.1.2
21 silly currentTree ├── jodid25519@1.0.2
21 silly currentTree ├── js-tokens@2.0.0
21 silly currentTree ├─┬ js-yaml@3.7.0
21 silly currentTree │ └── esprima@2.7.3
21 silly currentTree ├── jsbn@0.1.0
21 silly currentTree ├── jsesc@1.3.0
21 silly currentTree ├── json-schema@0.2.3
21 silly currentTree ├── json-stringify-safe@5.0.1
21 silly currentTree ├── json5@0.5.1
21 silly currentTree ├── jsonpointer@4.0.0
21 silly currentTree ├── jsprim@1.3.1
21 silly currentTree ├── kind-of@3.1.0
21 silly currentTree ├── latest-version@1.0.1
21 silly currentTree ├── lazy-cache@1.0.4
21 silly currentTree ├── levn@0.2.5
21 silly currentTree ├── lodash._baseassign@3.2.0
21 silly currentTree ├── lodash._basecopy@3.0.1
21 silly currentTree ├── lodash._bindcallback@3.0.1
21 silly currentTree ├── lodash._createassigner@3.1.1
21 silly currentTree ├── lodash._getnative@3.9.1
21 silly currentTree ├── lodash._isiterateecall@3.0.9
21 silly currentTree ├── lodash.assign@3.2.0
21 silly currentTree ├── lodash.defaults@3.1.2
21 silly currentTree ├── lodash.isarguments@3.1.0
21 silly currentTree ├── lodash.isarray@3.0.4
21 silly currentTree ├── lodash.keys@3.1.2
21 silly currentTree ├── lodash.restparam@3.6.1
21 silly currentTree ├── lodash@4.17.2
21 silly currentTree ├── longest@1.0.1
21 silly currentTree ├── loose-envify@1.3.0
21 silly currentTree ├── lowercase-keys@1.0.0
21 silly currentTree ├── lru-cache@2.7.3
21 silly currentTree ├── map-stream@0.1.0
21 silly currentTree ├── media-typer@0.3.0
21 silly currentTree ├── merge-descriptors@1.0.1
21 silly currentTree ├── methods@1.1.2
21 silly currentTree ├── micromatch@2.3.11
21 silly currentTree ├── mime-db@1.25.0
21 silly currentTree ├── mime-types@2.1.13
21 silly currentTree ├── mime@1.3.4
21 silly currentTree ├── minimatch@3.0.3
21 silly currentTree ├── minimist@0.0.8
21 silly currentTree ├── mkdirp@0.5.1
21 silly currentTree ├── ms@0.7.1
21 silly currentTree ├── nan@2.4.0
21 silly currentTree ├── negotiator@0.6.1
21 silly currentTree ├── nested-error-stacks@1.0.2
21 silly currentTree ├── nodemon@1.11.0
21 silly currentTree ├── nopt@3.0.6
21 silly currentTree ├── normalize-path@2.0.1
21 silly currentTree ├── number-is-nan@1.0.1
21 silly currentTree ├── oauth-sign@0.8.2
21 silly currentTree ├── object-assign@4.1.0
21 silly currentTree ├── object.omit@2.0.1
21 silly currentTree ├── on-finished@2.3.0
21 silly currentTree ├── once@1.4.0
21 silly currentTree ├─┬ optimist@0.6.1
21 silly currentTree │ └── wordwrap@0.0.3
21 silly currentTree ├─┬ optionator@0.5.0
21 silly currentTree │ └── wordwrap@0.0.3
21 silly currentTree ├── os-homedir@1.0.2
21 silly currentTree ├── os-tmpdir@1.0.2
21 silly currentTree ├── osenv@0.1.4
21 silly currentTree ├── output-file-sync@1.1.2
21 silly currentTree ├── package-json@1.2.0
21 silly currentTree ├── parse-glob@3.0.4
21 silly currentTree ├── parseurl@1.3.1
21 silly currentTree ├── path-is-absolute@1.0.1
21 silly currentTree ├── path-to-regexp@0.1.7
21 silly currentTree ├── pause-stream@0.0.11
21 silly currentTree ├── pinkie-promise@2.0.1
21 silly currentTree ├── pinkie@2.0.4
21 silly currentTree ├── prelude-ls@1.1.2
21 silly currentTree ├── prepend-http@1.0.4
21 silly currentTree ├── preserve@0.2.0
21 silly currentTree ├── private@0.1.6
21 silly currentTree ├── process-nextick-args@1.0.7
21 silly currentTree ├── proxy-addr@1.1.2
21 silly currentTree ├── ps-tree@1.1.0
21 silly currentTree ├── punycode@1.4.1
21 silly currentTree ├── qs@6.2.0
21 silly currentTree ├── randomatic@1.1.6
21 silly currentTree ├── range-parser@1.2.0
21 silly currentTree ├── raw-body@2.1.7
21 silly currentTree ├─┬ rc@1.1.6
21 silly currentTree │ └── minimist@1.2.0
21 silly currentTree ├── read-all-stream@3.1.0
21 silly currentTree ├── readable-stream@2.2.2
21 silly currentTree ├── readdirp@2.1.0
21 silly currentTree ├── regenerate@1.3.2
21 silly currentTree ├── regenerator-runtime@0.10.1
21 silly currentTree ├── regenerator-transform@0.9.8
21 silly currentTree ├── regex-cache@0.4.3
21 silly currentTree ├── regexpu-core@2.0.0
21 silly currentTree ├── registry-url@3.1.0
21 silly currentTree ├── regjsgen@0.2.0
21 silly currentTree ├─┬ regjsparser@0.1.5
21 silly currentTree │ └── jsesc@0.5.0
21 silly currentTree ├── repeat-element@1.1.2
21 silly currentTree ├── repeat-string@1.6.1
21 silly currentTree ├── repeating@2.0.1
21 silly currentTree ├─┬ request@2.79.0
21 silly currentTree │ └── qs@6.3.0
21 silly currentTree ├── resolve@1.1.7
21 silly currentTree ├── right-align@0.1.3
21 silly currentTree ├── semver-diff@2.1.0
21 silly currentTree ├── semver@5.3.0
21 silly currentTree ├── send@0.14.1
21 silly currentTree ├── serve-static@1.11.1
21 silly currentTree ├── set-immediate-shim@1.0.1
21 silly currentTree ├── setprototypeof@1.0.2
21 silly currentTree ├── sigmund@1.0.1
21 silly currentTree ├── slash@1.0.0
21 silly currentTree ├── slide@1.1.6
21 silly currentTree ├── sntp@1.0.9
21 silly currentTree ├── source-map-support@0.4.6
21 silly currentTree ├── source-map@0.5.6
21 silly currentTree ├── split@0.3.3
21 silly currentTree ├── sprintf-js@1.0.3
21 silly currentTree ├─┬ sshpk@1.10.1
21 silly currentTree │ └── assert-plus@1.0.0
21 silly currentTree ├── statuses@1.3.1
21 silly currentTree ├── stream-combiner@0.0.4
21 silly currentTree ├── stream-shift@1.0.0
21 silly currentTree ├── string_decoder@0.10.31
21 silly currentTree ├── string-length@1.0.1
21 silly currentTree ├── stringstream@0.0.5
21 silly currentTree ├── strip-ansi@3.0.1
21 silly currentTree ├── strip-json-comments@1.0.4
21 silly currentTree ├── supports-color@2.0.0
21 silly currentTree ├── through@2.3.8
21 silly currentTree ├── timed-out@2.0.0
21 silly currentTree ├── to-fast-properties@1.0.2
21 silly currentTree ├─┬ touch@1.0.0
21 silly currentTree │ └── nopt@1.0.10
21 silly currentTree ├── tough-cookie@2.3.2
21 silly currentTree ├── tunnel-agent@0.4.3
21 silly currentTree ├── tweetnacl@0.14.5
21 silly currentTree ├── type-check@0.3.2
21 silly currentTree ├── type-is@1.6.14
21 silly currentTree ├─┬ uglify-js@2.7.5
21 silly currentTree │ └── async@0.2.10
21 silly currentTree ├── uglify-to-browserify@1.0.2
21 silly currentTree ├── undefsafe@0.0.3
21 silly currentTree ├── unpipe@1.0.0
21 silly currentTree ├─┬ update-notifier@0.5.0
21 silly currentTree │ └── repeating@1.1.3
21 silly currentTree ├── user-home@1.1.1
21 silly currentTree ├── util-deprecate@1.0.2
21 silly currentTree ├── utils-merge@1.0.0
21 silly currentTree ├── uuid@3.0.1
21 silly currentTree ├── v8flags@2.0.11
21 silly currentTree ├── vary@1.1.0
21 silly currentTree ├── verror@1.3.6
21 silly currentTree ├── which@1.2.12
21 silly currentTree ├── window-size@0.1.0
21 silly currentTree ├── wordwrap@1.0.0
21 silly currentTree ├── wrappy@1.0.2
21 silly currentTree ├── write-file-atomic@1.2.0
21 silly currentTree ├── xdg-basedir@2.0.0
21 silly currentTree ├── xtend@4.0.1
21 silly currentTree └── yargs@3.10.0
22 silly idealTree line-bot@1.0.0
22 silly idealTree ├── abbrev@1.0.9
22 silly idealTree ├── accepts@1.3.3
22 silly idealTree ├── align-text@0.1.4
22 silly idealTree ├── amdefine@1.0.1
22 silly idealTree ├── ansi-regex@2.0.0
22 silly idealTree ├── ansi-styles@2.2.1
22 silly idealTree ├── anymatch@1.3.0
22 silly idealTree ├── argparse@1.0.9
22 silly idealTree ├── arr-diff@2.0.0
22 silly idealTree ├── arr-flatten@1.0.1
22 silly idealTree ├── array-flatten@1.1.1
22 silly idealTree ├── array-unique@0.2.1
22 silly idealTree ├── arrify@1.0.1
22 silly idealTree ├── asn1@0.2.3
22 silly idealTree ├── assert-plus@0.2.0
22 silly idealTree ├── async-each@1.0.1
22 silly idealTree ├── async@1.5.2
22 silly idealTree ├── asynckit@0.4.0
22 silly idealTree ├── aws-sign2@0.6.0
22 silly idealTree ├── aws4@1.5.0
22 silly idealTree ├── babel-cli@6.18.0
22 silly idealTree ├── babel-code-frame@6.20.0
22 silly idealTree ├── babel-core@6.21.0
22 silly idealTree ├── babel-generator@6.21.0
22 silly idealTree ├── babel-helper-bindify-decorators@6.18.0
22 silly idealTree ├── babel-helper-builder-binary-assignment-operator-visitor@6.18.0
22 silly idealTree ├── babel-helper-call-delegate@6.18.0
22 silly idealTree ├── babel-helper-define-map@6.18.0
22 silly idealTree ├── babel-helper-explode-assignable-expression@6.18.0
22 silly idealTree ├── babel-helper-explode-class@6.18.0
22 silly idealTree ├── babel-helper-function-name@6.18.0
22 silly idealTree ├── babel-helper-get-function-arity@6.18.0
22 silly idealTree ├── babel-helper-hoist-variables@6.18.0
22 silly idealTree ├── babel-helper-optimise-call-expression@6.18.0
22 silly idealTree ├── babel-helper-regex@6.18.0
22 silly idealTree ├── babel-helper-remap-async-to-generator@6.20.3
22 silly idealTree ├── babel-helper-replace-supers@6.18.0
22 silly idealTree ├── babel-helpers@6.16.0
22 silly idealTree ├─┬ babel-istanbul@0.6.1
22 silly idealTree │ ├── source-map@0.4.4
22 silly idealTree │ └── supports-color@3.1.2
22 silly idealTree ├── babel-messages@6.8.0
22 silly idealTree ├── babel-plugin-check-es2015-constants@6.8.0
22 silly idealTree ├── babel-plugin-syntax-async-functions@6.13.0
22 silly idealTree ├── babel-plugin-syntax-async-generators@6.13.0
22 silly idealTree ├── babel-plugin-syntax-class-constructor-call@6.18.0
22 silly idealTree ├── babel-plugin-syntax-class-properties@6.13.0
22 silly idealTree ├── babel-plugin-syntax-decorators@6.13.0
22 silly idealTree ├── babel-plugin-syntax-do-expressions@6.13.0
22 silly idealTree ├── babel-plugin-syntax-dynamic-import@6.18.0
22 silly idealTree ├── babel-plugin-syntax-exponentiation-operator@6.13.0
22 silly idealTree ├── babel-plugin-syntax-export-extensions@6.13.0
22 silly idealTree ├── babel-plugin-syntax-function-bind@6.13.0
22 silly idealTree ├── babel-plugin-syntax-object-rest-spread@6.13.0
22 silly idealTree ├── babel-plugin-syntax-trailing-function-commas@6.20.0
22 silly idealTree ├── babel-plugin-transform-async-generator-functions@6.17.0
22 silly idealTree ├── babel-plugin-transform-async-to-generator@6.16.0
22 silly idealTree ├── babel-plugin-transform-class-constructor-call@6.18.0
22 silly idealTree ├── babel-plugin-transform-class-properties@6.19.0
22 silly idealTree ├── babel-plugin-transform-decorators@6.13.0
22 silly idealTree ├── babel-plugin-transform-do-expressions@6.8.0
22 silly idealTree ├── babel-plugin-transform-es2015-arrow-functions@6.8.0
22 silly idealTree ├── babel-plugin-transform-es2015-block-scoped-functions@6.8.0
22 silly idealTree ├── babel-plugin-transform-es2015-block-scoping@6.21.0
22 silly idealTree ├── babel-plugin-transform-es2015-classes@6.18.0
22 silly idealTree ├── babel-plugin-transform-es2015-computed-properties@6.8.0
22 silly idealTree ├── babel-plugin-transform-es2015-destructuring@6.19.0
22 silly idealTree ├── babel-plugin-transform-es2015-duplicate-keys@6.8.0
22 silly idealTree ├── babel-plugin-transform-es2015-for-of@6.18.0
22 silly idealTree ├── babel-plugin-transform-es2015-function-name@6.9.0
22 silly idealTree ├── babel-plugin-transform-es2015-literals@6.8.0
22 silly idealTree ├── babel-plugin-transform-es2015-modules-amd@6.18.0
22 silly idealTree ├── babel-plugin-transform-es2015-modules-commonjs@6.18.0
22 silly idealTree ├── babel-plugin-transform-es2015-modules-systemjs@6.19.0
22 silly idealTree ├── babel-plugin-transform-es2015-modules-umd@6.18.0
22 silly idealTree ├── babel-plugin-transform-es2015-object-super@6.8.0
22 silly idealTree ├── babel-plugin-transform-es2015-parameters@6.21.0
22 silly idealTree ├── babel-plugin-transform-es2015-shorthand-properties@6.18.0
22 silly idealTree ├── babel-plugin-transform-es2015-spread@6.8.0
22 silly idealTree ├── babel-plugin-transform-es2015-sticky-regex@6.8.0
22 silly idealTree ├── babel-plugin-transform-es2015-template-literals@6.8.0
22 silly idealTree ├── babel-plugin-transform-es2015-typeof-symbol@6.18.0
22 silly idealTree ├── babel-plugin-transform-es2015-unicode-regex@6.11.0
22 silly idealTree ├── babel-plugin-transform-exponentiation-operator@6.8.0
22 silly idealTree ├── babel-plugin-transform-export-extensions@6.8.0
22 silly idealTree ├── babel-plugin-transform-function-bind@6.8.0
22 silly idealTree ├── babel-plugin-transform-object-rest-spread@6.20.2
22 silly idealTree ├── babel-plugin-transform-regenerator@6.21.0
22 silly idealTree ├── babel-plugin-transform-strict-mode@6.18.0
22 silly idealTree ├── babel-polyfill@6.20.0
22 silly idealTree ├── babel-preset-es2015@6.18.0
22 silly idealTree ├── babel-preset-stage-0@6.16.0
22 silly idealTree ├── babel-preset-stage-1@6.16.0
22 silly idealTree ├── babel-preset-stage-2@6.18.0
22 silly idealTree ├── babel-preset-stage-3@6.17.0
22 silly idealTree ├── babel-register@6.18.0
22 silly idealTree ├── babel-runtime@6.20.0
22 silly idealTree ├── babel-template@6.16.0
22 silly idealTree ├── babel-traverse@6.21.0
22 silly idealTree ├── babel-types@6.21.0
22 silly idealTree ├── babylon@6.14.1
22 silly idealTree ├── balanced-match@0.4.2
22 silly idealTree ├── bcrypt-pbkdf@1.0.0
22 silly idealTree ├── binary-extensions@1.8.0
22 silly idealTree ├── body-parser@1.15.2
22 silly idealTree ├── boom@2.10.1
22 silly idealTree ├── brace-expansion@1.1.6
22 silly idealTree ├── braces@1.8.5
22 silly idealTree ├── buffer-shims@1.0.0
22 silly idealTree ├── bytes@2.4.0
22 silly idealTree ├── camelcase@1.2.1
22 silly idealTree ├── caseless@0.11.0
22 silly idealTree ├── center-align@0.1.3
22 silly idealTree ├── chalk@1.1.3
22 silly idealTree ├── chokidar@1.6.1
22 silly idealTree ├─┬ cliui@2.1.0
22 silly idealTree │ └── wordwrap@0.0.2
22 silly idealTree ├── combined-stream@1.0.5
22 silly idealTree ├── commander@2.9.0
22 silly idealTree ├── concat-map@0.0.1
22 silly idealTree ├─┬ configstore@1.4.0
22 silly idealTree │ └── uuid@2.0.3
22 silly idealTree ├── content-disposition@0.5.1
22 silly idealTree ├── content-type@1.0.2
22 silly idealTree ├── convert-source-map@1.3.0
22 silly idealTree ├── cookie-signature@1.0.6
22 silly idealTree ├── cookie@0.3.1
22 silly idealTree ├── core-js@2.4.1
22 silly idealTree ├── core-util-is@1.0.2
22 silly idealTree ├── cryptiles@2.0.5
22 silly idealTree ├─┬ dashdash@1.14.1
22 silly idealTree │ └── assert-plus@1.0.0
22 silly idealTree ├── debug@2.2.0
22 silly idealTree ├── decamelize@1.2.0
22 silly idealTree ├── deep-extend@0.4.1
22 silly idealTree ├── deep-is@0.1.3
22 silly idealTree ├── delayed-stream@1.0.0
22 silly idealTree ├── depd@1.1.0
22 silly idealTree ├── destroy@1.0.4
22 silly idealTree ├── detect-indent@4.0.0
22 silly idealTree ├── duplexer@0.1.1
22 silly idealTree ├── duplexify@3.5.0
22 silly idealTree ├── ecc-jsbn@0.1.1
22 silly idealTree ├── ee-first@1.1.1
22 silly idealTree ├── encodeurl@1.0.1
22 silly idealTree ├─┬ end-of-stream@1.0.0
22 silly idealTree │ └── once@1.3.3
22 silly idealTree ├── es6-promise@3.3.1
22 silly idealTree ├── escape-html@1.0.3
22 silly idealTree ├── escape-string-regexp@1.0.5
22 silly idealTree ├─┬ escodegen@1.7.1
22 silly idealTree │ ├── esprima@1.2.5
22 silly idealTree │ └── source-map@0.2.0
22 silly idealTree ├── esprima@2.5.0
22 silly idealTree ├── estraverse@1.9.3
22 silly idealTree ├── esutils@2.0.2
22 silly idealTree ├── etag@1.7.0
22 silly idealTree ├── event-stream@3.3.4
22 silly idealTree ├── expand-brackets@0.1.5
22 silly idealTree ├── expand-range@1.8.2
22 silly idealTree ├── express@4.14.0
22 silly idealTree ├── extend@3.0.0
22 silly idealTree ├── extglob@0.3.2
22 silly idealTree ├── extsprintf@1.0.2
22 silly idealTree ├── fast-levenshtein@1.0.7
22 silly idealTree ├── filename-regex@2.0.0
22 silly idealTree ├─┬ fileset@0.2.1
22 silly idealTree │ └── minimatch@2.0.10
22 silly idealTree ├── fill-range@2.2.3
22 silly idealTree ├── finalhandler@0.5.0
22 silly idealTree ├── for-in@0.1.6
22 silly idealTree ├── for-own@0.1.4
22 silly idealTree ├── forever-agent@0.6.1
22 silly idealTree ├── form-data@2.1.2
22 silly idealTree ├── forwarded@0.1.0
22 silly idealTree ├── fresh@0.3.0
22 silly idealTree ├── from@0.1.3
22 silly idealTree ├── fs-readdir-recursive@1.0.0
22 silly idealTree ├─┬ fsevents@1.0.15
22 silly idealTree │ ├── abbrev@1.0.9
22 silly idealTree │ ├── ansi-regex@2.0.0
22 silly idealTree │ ├── ansi-styles@2.2.1
22 silly idealTree │ ├── aproba@1.0.4
22 silly idealTree │ ├── are-we-there-yet@1.1.2
22 silly idealTree │ ├── asn1@0.2.3
22 silly idealTree │ ├── assert-plus@0.2.0
22 silly idealTree │ ├── async@1.5.2
22 silly idealTree │ ├── aws-sign2@0.6.0
22 silly idealTree │ ├── aws4@1.4.1
22 silly idealTree │ ├── balanced-match@0.4.2
22 silly idealTree │ ├─┬ bl@1.1.2
22 silly idealTree │ │ └── readable-stream@2.0.6
22 silly idealTree │ ├── block-stream@0.0.9
22 silly idealTree │ ├── boom@2.10.1
22 silly idealTree │ ├── brace-expansion@1.1.5
22 silly idealTree │ ├── buffer-shims@1.0.0
22 silly idealTree │ ├── caseless@0.11.0
22 silly idealTree │ ├── chalk@1.1.3
22 silly idealTree │ ├── code-point-at@1.0.0
22 silly idealTree │ ├── combined-stream@1.0.5
22 silly idealTree │ ├── commander@2.9.0
22 silly idealTree │ ├── concat-map@0.0.1
22 silly idealTree │ ├── console-control-strings@1.1.0
22 silly idealTree │ ├── core-util-is@1.0.2
22 silly idealTree │ ├── cryptiles@2.0.5
22 silly idealTree │ ├─┬ dashdash@1.14.0
22 silly idealTree │ │ └── assert-plus@1.0.0
22 silly idealTree │ ├── debug@2.2.0
22 silly idealTree │ ├── deep-extend@0.4.1
22 silly idealTree │ ├── delayed-stream@1.0.0
22 silly idealTree │ ├── delegates@1.0.0
22 silly idealTree │ ├── ecc-jsbn@0.1.1
22 silly idealTree │ ├── escape-string-regexp@1.0.5
22 silly idealTree │ ├── extend@3.0.0
22 silly idealTree │ ├── extsprintf@1.0.2
22 silly idealTree │ ├── forever-agent@0.6.1
22 silly idealTree │ ├── form-data@1.0.0-rc4
22 silly idealTree │ ├── fs.realpath@1.0.0
22 silly idealTree │ ├── fstream-ignore@1.0.5
22 silly idealTree │ ├── fstream@1.0.10
22 silly idealTree │ ├── gauge@2.6.0
22 silly idealTree │ ├── generate-function@2.0.0
22 silly idealTree │ ├── generate-object-property@1.2.0
22 silly idealTree │ ├─┬ getpass@0.1.6
22 silly idealTree │ │ └── assert-plus@1.0.0
22 silly idealTree │ ├── glob@7.0.5
22 silly idealTree │ ├── graceful-fs@4.1.4
22 silly idealTree │ ├── graceful-readlink@1.0.1
22 silly idealTree │ ├── har-validator@2.0.6
22 silly idealTree │ ├── has-ansi@2.0.0
22 silly idealTree │ ├── has-color@0.1.7
22 silly idealTree │ ├── has-unicode@2.0.1
22 silly idealTree │ ├── hawk@3.1.3
22 silly idealTree │ ├── hoek@2.16.3
22 silly idealTree │ ├── http-signature@1.1.1
22 silly idealTree │ ├── inflight@1.0.5
22 silly idealTree │ ├── inherits@2.0.1
22 silly idealTree │ ├── ini@1.3.4
22 silly idealTree │ ├── is-fullwidth-code-point@1.0.0
22 silly idealTree │ ├── is-my-json-valid@2.13.1
22 silly idealTree │ ├── is-property@1.0.2
22 silly idealTree │ ├── is-typedarray@1.0.0
22 silly idealTree │ ├── isarray@1.0.0
22 silly idealTree │ ├── isstream@0.1.2
22 silly idealTree │ ├── jodid25519@1.0.2
22 silly idealTree │ ├── jsbn@0.1.0
22 silly idealTree │ ├── json-schema@0.2.2
22 silly idealTree │ ├── json-stringify-safe@5.0.1
22 silly idealTree │ ├── jsonpointer@2.0.0
22 silly idealTree │ ├── jsprim@1.3.0
22 silly idealTree │ ├── mime-db@1.23.0
22 silly idealTree │ ├── mime-types@2.1.11
22 silly idealTree │ ├── minimatch@3.0.2
22 silly idealTree │ ├── minimist@0.0.8
22 silly idealTree │ ├── mkdirp@0.5.1
22 silly idealTree │ ├── ms@0.7.1
22 silly idealTree │ ├── node-pre-gyp@0.6.29
22 silly idealTree │ ├── node-uuid@1.4.7
22 silly idealTree │ ├── nopt@3.0.6
22 silly idealTree │ ├── npmlog@3.1.2
22 silly idealTree │ ├── number-is-nan@1.0.0
22 silly idealTree │ ├── oauth-sign@0.8.2
22 silly idealTree │ ├── object-assign@4.1.0
22 silly idealTree │ ├── once@1.3.3
22 silly idealTree │ ├── path-is-absolute@1.0.0
22 silly idealTree │ ├── pinkie-promise@2.0.1
22 silly idealTree │ ├── pinkie@2.0.4
22 silly idealTree │ ├── process-nextick-args@1.0.7
22 silly idealTree │ ├── qs@6.2.0
22 silly idealTree │ ├─┬ rc@1.1.6
22 silly idealTree │ │ └── minimist@1.2.0
22 silly idealTree │ ├── readable-stream@2.1.4
22 silly idealTree │ ├── request@2.73.0
22 silly idealTree │ ├── rimraf@2.5.3
22 silly idealTree │ ├── semver@5.2.0
22 silly idealTree │ ├── set-blocking@2.0.0
22 silly idealTree │ ├── signal-exit@3.0.0
22 silly idealTree │ ├── sntp@1.0.9
22 silly idealTree │ ├─┬ sshpk@1.8.3
22 silly idealTree │ │ └── assert-plus@1.0.0
22 silly idealTree │ ├── string_decoder@0.10.31
22 silly idealTree │ ├── string-width@1.0.1
22 silly idealTree │ ├── stringstream@0.0.5
22 silly idealTree │ ├── strip-ansi@3.0.1
22 silly idealTree │ ├── strip-json-comments@1.0.4
22 silly idealTree │ ├── supports-color@2.0.0
22 silly idealTree │ ├── tar-pack@3.1.4
22 silly idealTree │ ├── tar@2.2.1
22 silly idealTree │ ├── tough-cookie@2.2.2
22 silly idealTree │ ├── tunnel-agent@0.4.3
22 silly idealTree │ ├── tweetnacl@0.13.3
22 silly idealTree │ ├── uid-number@0.0.6
22 silly idealTree │ ├── util-deprecate@1.0.2
22 silly idealTree │ ├── verror@1.3.6
22 silly idealTree │ ├── wide-align@1.1.0
22 silly idealTree │ ├── wrappy@1.0.2
22 silly idealTree │ └── xtend@4.0.1
22 silly idealTree ├── gaze@0.5.2
22 silly idealTree ├── generate-function@2.0.0
22 silly idealTree ├── generate-object-property@1.2.0
22 silly idealTree ├─┬ getpass@0.1.6
22 silly idealTree │ └── assert-plus@1.0.0
22 silly idealTree ├── glob-base@0.3.0
22 silly idealTree ├── glob-parent@2.0.0
22 silly idealTree ├── glob@5.0.15
22 silly idealTree ├── globals@9.14.0
22 silly idealTree ├─┬ globule@0.1.0
22 silly idealTree │ ├── glob@3.1.21
22 silly idealTree │ ├── graceful-fs@1.2.3
22 silly idealTree │ ├── inherits@1.0.2
22 silly idealTree │ ├── lodash@1.0.2
22 silly idealTree │ └── minimatch@0.2.14
22 silly idealTree ├─┬ got@3.3.1
22 silly idealTree │ └── object-assign@3.0.0
22 silly idealTree ├── graceful-fs@4.1.11
22 silly idealTree ├── graceful-readlink@1.0.1
22 silly idealTree ├─┬ handlebars@4.0.6
22 silly idealTree │ └── source-map@0.4.4
22 silly idealTree ├── har-validator@2.0.6
22 silly idealTree ├── has-ansi@2.0.0
22 silly idealTree ├── has-flag@1.0.0
22 silly idealTree ├── hawk@3.1.3
22 silly idealTree ├── hoek@2.16.3
22 silly idealTree ├── home-or-tmp@2.0.0
22 silly idealTree ├── http-errors@1.5.1
22 silly idealTree ├── http-signature@1.1.1
22 silly idealTree ├── iconv-lite@0.4.13
22 silly idealTree ├── ignore-by-default@1.0.1
22 silly idealTree ├── imurmurhash@0.1.4
22 silly idealTree ├── infinity-agent@2.0.3
22 silly idealTree ├── inflight@1.0.6
22 silly idealTree ├── inherits@2.0.3
22 silly idealTree ├── ini@1.3.4
22 silly idealTree ├── invariant@2.2.2
22 silly idealTree ├── ipaddr.js@1.1.1
22 silly idealTree ├── is-binary-path@1.0.1
22 silly idealTree ├── is-buffer@1.1.4
22 silly idealTree ├── is-dotfile@1.0.2
22 silly idealTree ├── is-equal-shallow@0.1.3
22 silly idealTree ├── is-extendable@0.1.1
22 silly idealTree ├── is-extglob@1.0.0
22 silly idealTree ├── is-finite@1.0.2
22 silly idealTree ├── is-glob@2.0.1
22 silly idealTree ├── is-my-json-valid@2.15.0
22 silly idealTree ├── is-npm@1.0.0
22 silly idealTree ├── is-number@2.1.0
22 silly idealTree ├── is-posix-bracket@0.1.1
22 silly idealTree ├── is-primitive@2.0.0
22 silly idealTree ├── is-property@1.0.2
22 silly idealTree ├── is-redirect@1.0.0
22 silly idealTree ├── is-stream@1.1.0
22 silly idealTree ├── is-typedarray@1.0.0
22 silly idealTree ├── isarray@1.0.0
22 silly idealTree ├── isexe@1.1.2
22 silly idealTree ├── isobject@2.1.0
22 silly idealTree ├── isstream@0.1.2
22 silly idealTree ├── jodid25519@1.0.2
22 silly idealTree ├── js-tokens@2.0.0
22 silly idealTree ├─┬ js-yaml@3.7.0
22 silly idealTree │ └── esprima@2.7.3
22 silly idealTree ├── jsbn@0.1.0
22 silly idealTree ├── jsesc@1.3.0
22 silly idealTree ├── json-schema@0.2.3
22 silly idealTree ├── json-stringify-safe@5.0.1
22 silly idealTree ├── json5@0.5.1
22 silly idealTree ├── jsonpointer@4.0.0
22 silly idealTree ├── jsprim@1.3.1
22 silly idealTree ├── kind-of@3.1.0
22 silly idealTree ├── latest-version@1.0.1
22 silly idealTree ├── lazy-cache@1.0.4
22 silly idealTree ├── levn@0.2.5
22 silly idealTree ├── lodash._baseassign@3.2.0
22 silly idealTree ├── lodash._basecopy@3.0.1
22 silly idealTree ├── lodash._bindcallback@3.0.1
22 silly idealTree ├── lodash._createassigner@3.1.1
22 silly idealTree ├── lodash._getnative@3.9.1
22 silly idealTree ├── lodash._isiterateecall@3.0.9
22 silly idealTree ├── lodash.assign@3.2.0
22 silly idealTree ├── lodash.defaults@3.1.2
22 silly idealTree ├── lodash.isarguments@3.1.0
22 silly idealTree ├── lodash.isarray@3.0.4
22 silly idealTree ├── lodash.keys@3.1.2
22 silly idealTree ├── lodash.restparam@3.6.1
22 silly idealTree ├── lodash@4.17.2
22 silly idealTree ├── longest@1.0.1
22 silly idealTree ├── loose-envify@1.3.0
22 silly idealTree ├── lowercase-keys@1.0.0
22 silly idealTree ├── lru-cache@2.7.3
22 silly idealTree ├── map-stream@0.1.0
22 silly idealTree ├── media-typer@0.3.0
22 silly idealTree ├── merge-descriptors@1.0.1
22 silly idealTree ├── methods@1.1.2
22 silly idealTree ├── micromatch@2.3.11
22 silly idealTree ├── mime-db@1.25.0
22 silly idealTree ├── mime-types@2.1.13
22 silly idealTree ├── mime@1.3.4
22 silly idealTree ├── minimatch@3.0.3
22 silly idealTree ├── minimist@0.0.8
22 silly idealTree ├── mkdirp@0.5.1
22 silly idealTree ├── ms@0.7.1
22 silly idealTree ├── nan@2.4.0
22 silly idealTree ├── negotiator@0.6.1
22 silly idealTree ├── nested-error-stacks@1.0.2
22 silly idealTree ├── nodemon@1.11.0
22 silly idealTree ├── nopt@3.0.6
22 silly idealTree ├── normalize-path@2.0.1
22 silly idealTree ├── number-is-nan@1.0.1
22 silly idealTree ├── oauth-sign@0.8.2
22 silly idealTree ├── object-assign@4.1.0
22 silly idealTree ├── object.omit@2.0.1
22 silly idealTree ├── on-finished@2.3.0
22 silly idealTree ├── once@1.4.0
22 silly idealTree ├─┬ optimist@0.6.1
22 silly idealTree │ └── wordwrap@0.0.3
22 silly idealTree ├─┬ optionator@0.5.0
22 silly idealTree │ └── wordwrap@0.0.3
22 silly idealTree ├── os-homedir@1.0.2
22 silly idealTree ├── os-tmpdir@1.0.2
22 silly idealTree ├── osenv@0.1.4
22 silly idealTree ├── output-file-sync@1.1.2
22 silly idealTree ├── package-json@1.2.0
22 silly idealTree ├── parse-glob@3.0.4
22 silly idealTree ├── parseurl@1.3.1
22 silly idealTree ├── path-is-absolute@1.0.1
22 silly idealTree ├── path-to-regexp@0.1.7
22 silly idealTree ├── pause-stream@0.0.11
22 silly idealTree ├── pinkie-promise@2.0.1
22 silly idealTree ├── pinkie@2.0.4
22 silly idealTree ├── prelude-ls@1.1.2
22 silly idealTree ├── prepend-http@1.0.4
22 silly idealTree ├── preserve@0.2.0
22 silly idealTree ├── private@0.1.6
22 silly idealTree ├── process-nextick-args@1.0.7
22 silly idealTree ├── proxy-addr@1.1.2
22 silly idealTree ├── ps-tree@1.1.0
22 silly idealTree ├── punycode@1.4.1
22 silly idealTree ├── qs@6.2.0
22 silly idealTree ├── randomatic@1.1.6
22 silly idealTree ├── range-parser@1.2.0
22 silly idealTree ├── raw-body@2.1.7
22 silly idealTree ├─┬ rc@1.1.6
22 silly idealTree │ └── minimist@1.2.0
22 silly idealTree ├── read-all-stream@3.1.0
22 silly idealTree ├── readable-stream@2.2.2
22 silly idealTree ├── readdirp@2.1.0
22 silly idealTree ├── regenerate@1.3.2
22 silly idealTree ├── regenerator-runtime@0.10.1
22 silly idealTree ├── regenerator-transform@0.9.8
22 silly idealTree ├── regex-cache@0.4.3
22 silly idealTree ├── regexpu-core@2.0.0
22 silly idealTree ├── registry-url@3.1.0
22 silly idealTree ├── regjsgen@0.2.0
22 silly idealTree ├─┬ regjsparser@0.1.5
22 silly idealTree │ └── jsesc@0.5.0
22 silly idealTree ├── repeat-element@1.1.2
22 silly idealTree ├── repeat-string@1.6.1
22 silly idealTree ├── repeating@2.0.1
22 silly idealTree ├─┬ request@2.79.0
22 silly idealTree │ └── qs@6.3.0
22 silly idealTree ├── resolve@1.1.7
22 silly idealTree ├── right-align@0.1.3
22 silly idealTree ├── semver-diff@2.1.0
22 silly idealTree ├── semver@5.3.0
22 silly idealTree ├── send@0.14.1
22 silly idealTree ├── serve-static@1.11.1
22 silly idealTree ├── set-immediate-shim@1.0.1
22 silly idealTree ├── setprototypeof@1.0.2
22 silly idealTree ├── sigmund@1.0.1
22 silly idealTree ├── slash@1.0.0
22 silly idealTree ├── slide@1.1.6
22 silly idealTree ├── sntp@1.0.9
22 silly idealTree ├── source-map-support@0.4.6
22 silly idealTree ├── source-map@0.5.6
22 silly idealTree ├── split@0.3.3
22 silly idealTree ├── sprintf-js@1.0.3
22 silly idealTree ├─┬ sshpk@1.10.1
22 silly idealTree │ └── assert-plus@1.0.0
22 silly idealTree ├── statuses@1.3.1
22 silly idealTree ├── stream-combiner@0.0.4
22 silly idealTree ├── stream-shift@1.0.0
22 silly idealTree ├── string_decoder@0.10.31
22 silly idealTree ├── string-length@1.0.1
22 silly idealTree ├── stringstream@0.0.5
22 silly idealTree ├── strip-ansi@3.0.1
22 silly idealTree ├── strip-json-comments@1.0.4
22 silly idealTree ├── supports-color@2.0.0
22 silly idealTree ├── through@2.3.8
22 silly idealTree ├── timed-out@2.0.0
22 silly idealTree ├── to-fast-properties@1.0.2
22 silly idealTree ├─┬ touch@1.0.0
22 silly idealTree │ └── nopt@1.0.10
22 silly idealTree ├── tough-cookie@2.3.2
22 silly idealTree ├── tunnel-agent@0.4.3
22 silly idealTree ├── tweetnacl@0.14.5
22 silly idealTree ├── type-check@0.3.2
22 silly idealTree ├── type-is@1.6.14
22 silly idealTree ├─┬ uglify-js@2.7.5
22 silly idealTree │ └── async@0.2.10
22 silly idealTree ├── uglify-to-browserify@1.0.2
22 silly idealTree ├── undefsafe@0.0.3
22 silly idealTree ├── unpipe@1.0.0
22 silly idealTree ├─┬ update-notifier@0.5.0
22 silly idealTree │ └── repeating@1.1.3
22 silly idealTree ├── user-home@1.1.1
22 silly idealTree ├── util-deprecate@1.0.2
22 silly idealTree ├── utils-merge@1.0.0
22 silly idealTree ├── uuid@3.0.1
22 silly idealTree ├── v8flags@2.0.11
22 silly idealTree ├── vary@1.1.0
22 silly idealTree ├── verror@1.3.6
22 silly idealTree ├── which@1.2.12
22 silly idealTree ├── window-size@0.1.0
22 silly idealTree ├── wordwrap@1.0.0
22 silly idealTree ├── wrappy@1.0.2
22 silly idealTree ├── write-file-atomic@1.2.0
22 silly idealTree ├── xdg-basedir@2.0.0
22 silly idealTree ├── xtend@4.0.1
22 silly idealTree └── yargs@3.10.0
23 silly generateActionsToTake Starting
24 silly install generateActionsToTake
25 silly generateActionsToTake Finishing
26 silly diffTrees action count 0
27 silly decomposeActions action count 0
28 silly runTopLevelLifecycles Starting
29 silly install runPreinstallTopLevelLifecycles
30 silly preinstall line-bot@1.0.0 /Users/WillyHong/Downloads/line-bot-master/line-bot-b3e0b5bf
31 info lifecycle line-bot@1.0.0~preinstall: line-bot@1.0.0
32 silly lifecycle line-bot@1.0.0~preinstall: no script for preinstall, continuing
33 silly executeActions Starting
34 silly install executeActions
35 silly doSerial global-install 0
36 silly doParallel fetch 0
37 verbose correctMkdir /Users/WillyHong/.npm/_locks correctMkdir not in flight; initializing
38 verbose lock using /Users/WillyHong/.npm/_locks/staging-aa6494dff5acf2a6.lock for /Users/WillyHong/Downloads/line-bot-master/node_modules/.staging
39 silly doParallel extract 0
40 silly doParallel preinstall 0
41 silly doReverseSerial remove 0
42 silly doSerial move 0
43 silly doSerial finalize 0
44 silly doSerial build 0
45 silly doSerial global-link 0
46 silly doParallel update-linked 0
47 silly doSerial install 0
48 silly doSerial postinstall 0
49 verbose unlock done using /Users/WillyHong/.npm/_locks/staging-aa6494dff5acf2a6.lock for /Users/WillyHong/Downloads/line-bot-master/node_modules/.staging
50 silly executeActions Finishing
51 silly rollbackFailedOptional Starting
52 silly rollbackFailedOptional Finishing
53 silly install runPostinstallTopLevelLifecycles
54 silly build line-bot@1.0.0
55 info linkStuff line-bot@1.0.0
56 silly linkStuff line-bot@1.0.0 has /Users/WillyHong/Downloads as its parent node_modules
57 verbose linkBins line-bot@1.0.0
58 verbose linkMans line-bot@1.0.0
59 silly install line-bot@1.0.0 /Users/WillyHong/Downloads/line-bot-master/line-bot-b3e0b5bf
60 info lifecycle line-bot@1.0.0~install: line-bot@1.0.0
61 silly lifecycle line-bot@1.0.0~install: no script for install, continuing
62 silly postinstall line-bot@1.0.0 /Users/WillyHong/Downloads/line-bot-master/line-bot-b3e0b5bf
63 info lifecycle line-bot@1.0.0~postinstall: line-bot@1.0.0
64 silly lifecycle line-bot@1.0.0~postinstall: no script for postinstall, continuing
65 silly prepublish line-bot@1.0.0 /Users/WillyHong/Downloads/line-bot-master/line-bot-b3e0b5bf
66 info lifecycle line-bot@1.0.0~prepublish: line-bot@1.0.0
67 verbose lifecycle line-bot@1.0.0~prepublish: unsafe-perm in lifecycle true
68 verbose lifecycle line-bot@1.0.0~prepublish: PATH: /usr/local/lib/node_modules/npm/bin/node-gyp-bin:/Users/WillyHong/Downloads/line-bot-master/node_modules/.bin:/opt/local/bin:/opt/local/sbin:/Library/Frameworks/Python.framework/Versions/3.5/bin:/Users/WillyHong/Oracle/Product/instantclient/12_1/bin:/Users/WillyHong/Library/Android/sdk/tools/:/Users/WillyHong/Library/Android/sdk/platform-tools/:/usr/local/apache-maven/apache-maven-3.0.4/bin:/usr/local/bin:/usr/bin:/bin:/usr/sbin:/sbin
69 verbose lifecycle line-bot@1.0.0~prepublish: CWD: /Users/WillyHong/Downloads/line-bot-master
70 silly lifecycle line-bot@1.0.0~prepublish: Args: [ '-c', 'npm run build' ]
71 silly lifecycle line-bot@1.0.0~prepublish: Returned: code: 1  signal: null
72 info lifecycle line-bot@1.0.0~prepublish: Failed to exec prepublish script
73 warn line-bot@1.0.0 No repository field.
74 verbose If you need help, you may report this error at:
74 verbose     <https://github.com/npm/npm/issues>
75 verbose stack Error: line-bot@1.0.0 prepublish: `npm run build`
75 verbose stack Exit status 1
75 verbose stack     at EventEmitter.<anonymous> (/usr/local/lib/node_modules/npm/lib/utils/lifecycle.js:255:16)
75 verbose stack     at emitTwo (events.js:106:13)
75 verbose stack     at EventEmitter.emit (events.js:191:7)
75 verbose stack     at ChildProcess.<anonymous> (/usr/local/lib/node_modules/npm/lib/utils/spawn.js:40:14)
75 verbose stack     at emitTwo (events.js:106:13)
75 verbose stack     at ChildProcess.emit (events.js:191:7)
75 verbose stack     at maybeClose (internal/child_process.js:877:16)
75 verbose stack     at Process.ChildProcess._handle.onexit (internal/child_process.js:226:5)
76 verbose pkgid line-bot@1.0.0
77 verbose cwd /Users/WillyHong/Downloads/line-bot-master
78 error Darwin 16.3.0
79 error argv "/usr/local/bin/node" "/usr/local/bin/npm" "install"
80 error node v6.9.1
81 error npm  v3.10.8
82 error code ELIFECYCLE
83 error line-bot@1.0.0 prepublish: `npm run build`
83 error Exit status 1
84 error Failed at the line-bot@1.0.0 prepublish script 'npm run build'.
84 error Make sure you have the latest version of node.js and npm installed.
84 error If you do, this is most likely a problem with the line-bot package,
84 error not with npm itself.
84 error Tell the author that this fails on your system:
84 error     npm run build
84 error You can get information on how to open an issue for this project with:
84 error     npm bugs line-bot
84 error Or if that isn't available, you can get their info via:
84 error     npm owner ls line-bot
84 error There is likely additional logging output above.
85 verbose exit [ 1, true ]
